2025-10-05T17:20:36: bigint: Failed to load bindings, pure JS will be used (try npm run rebuild?)
2025-10-05T17:32:59: bigint: Failed to load bindings, pure JS will be used (try npm run rebuild?)
2025-10-05T17:41:57: bigint: Failed to load bindings, pure JS will be used (try npm run rebuild?)
2025-10-05T18:02:04: bigint: Failed to load bindings, pure JS will be used (try npm run rebuild?)
2025-10-05T18:54:18: Error parsing transaction: TypeError: Cannot read properties of undefined (reading 'pubkey')
    at transactionOutput (/home/tuouser/bots/bot-crypto/src/pumpfun-lib/transactionOutput.ts:3:91)
    at decodePumpfunTxn (/home/tuouser/bots/bot-crypto/src/pumpfun-lib/pumpfun-detection.ts:46:38)
    at parseTransaction (/home/tuouser/bots/bot-crypto/src/detection/track-swap.ts:404:51)
    at ClientDuplexStreamImpl.<anonymous> (/home/tuouser/bots/bot-crypto/src/detection/track-swap.ts:456:9)
    at ClientDuplexStreamImpl.emit (node:events:517:28)
    at addChunk (node:internal/streams/readable:368:12)
    at readableAddChunk (node:internal/streams/readable:341:9)
    at ClientDuplexStreamImpl.Readable.push (node:internal/streams/readable:278:10)
    at Object.onReceiveMessage (/home/tuouser/bots/bot-crypto/node_modules/@grpc/grpc-js/src/client.ts:696:16)
    at Object.onReceiveMessage (/home/tuouser/bots/bot-crypto/node_modules/@grpc/grpc-js/src/client-interceptors.ts:413:47)
    at /home/tuouser/bots/bot-crypto/node_modules/@grpc/grpc-js/src/resolving-call.ts:271:32
    at processTicksAndRejections (node:internal/process/task_queues:95:5)
2025-10-05T19:20:33: Error parsing transaction: TypeError: Cannot read properties of undefined (reading 'mint')
    at decodeRaydiumCpmmTxn (/home/tuouser/bots/bot-crypto/src/raydium-lib/raydium-cpmm-detection.ts:63:46)
    at parseTransaction (/home/tuouser/bots/bot-crypto/src/detection/track-swap.ts:374:55)
    at ClientDuplexStreamImpl.<anonymous> (/home/tuouser/bots/bot-crypto/src/detection/track-swap.ts:456:9)
    at ClientDuplexStreamImpl.emit (node:events:517:28)
    at addChunk (node:internal/streams/readable:368:12)
    at readableAddChunk (node:internal/streams/readable:341:9)
    at ClientDuplexStreamImpl.Readable.push (node:internal/streams/readable:278:10)
    at Object.onReceiveMessage (/home/tuouser/bots/bot-crypto/node_modules/@grpc/grpc-js/src/client.ts:696:16)
    at Object.onReceiveMessage (/home/tuouser/bots/bot-crypto/node_modules/@grpc/grpc-js/src/client-interceptors.ts:413:47)
    at /home/tuouser/bots/bot-crypto/node_modules/@grpc/grpc-js/src/resolving-call.ts:271:32
    at processTicksAndRejections (node:internal/process/task_queues:95:5)
2025-10-05T20:41:59: Error parsing transaction: TypeError: Cannot read properties of undefined (reading 'pubkey')
    at transactionOutput (/home/tuouser/bots/bot-crypto/src/pumpfun-lib/transactionOutput.ts:3:91)
    at decodePumpfunTxn (/home/tuouser/bots/bot-crypto/src/pumpfun-lib/pumpfun-detection.ts:46:38)
    at parseTransaction (/home/tuouser/bots/bot-crypto/src/detection/track-swap.ts:404:51)
    at ClientDuplexStreamImpl.<anonymous> (/home/tuouser/bots/bot-crypto/src/detection/track-swap.ts:456:9)
    at ClientDuplexStreamImpl.emit (node:events:517:28)
    at addChunk (node:internal/streams/readable:368:12)
    at readableAddChunk (node:internal/streams/readable:341:9)
    at ClientDuplexStreamImpl.Readable.push (node:internal/streams/readable:278:10)
    at Object.onReceiveMessage (/home/tuouser/bots/bot-crypto/node_modules/@grpc/grpc-js/src/client.ts:696:16)
    at Object.onReceiveMessage (/home/tuouser/bots/bot-crypto/node_modules/@grpc/grpc-js/src/client-interceptors.ts:413:47)
    at /home/tuouser/bots/bot-crypto/node_modules/@grpc/grpc-js/src/resolving-call.ts:271:32
    at processTicksAndRejections (node:internal/process/task_queues:95:5)
2025-10-05T21:01:52: Error parsing transaction: TypeError: Cannot read properties of undefined (reading 'pubkey')
    at transactionOutput (/home/tuouser/bots/bot-crypto/src/pumpfun-lib/transactionOutput.ts:3:91)
    at decodePumpfunTxn (/home/tuouser/bots/bot-crypto/src/pumpfun-lib/pumpfun-detection.ts:46:38)
    at parseTransaction (/home/tuouser/bots/bot-crypto/src/detection/track-swap.ts:404:51)
    at ClientDuplexStreamImpl.<anonymous> (/home/tuouser/bots/bot-crypto/src/detection/track-swap.ts:456:9)
    at ClientDuplexStreamImpl.emit (node:events:517:28)
    at addChunk (node:internal/streams/readable:368:12)
    at readableAddChunk (node:internal/streams/readable:341:9)
    at ClientDuplexStreamImpl.Readable.push (node:internal/streams/readable:278:10)
    at Object.onReceiveMessage (/home/tuouser/bots/bot-crypto/node_modules/@grpc/grpc-js/src/client.ts:696:16)
    at Object.onReceiveMessage (/home/tuouser/bots/bot-crypto/node_modules/@grpc/grpc-js/src/client-interceptors.ts:413:47)
    at /home/tuouser/bots/bot-crypto/node_modules/@grpc/grpc-js/src/resolving-call.ts:271:32
    at processTicksAndRejections (node:internal/process/task_queues:95:5)
2025-10-05T21:06:35: Error parsing transaction: TypeError: Cannot read properties of undefined (reading 'pubkey')
    at transactionOutput (/home/tuouser/bots/bot-crypto/src/pumpfun-lib/transactionOutput.ts:3:91)
    at decodePumpfunTxn (/home/tuouser/bots/bot-crypto/src/pumpfun-lib/pumpfun-detection.ts:46:38)
    at parseTransaction (/home/tuouser/bots/bot-crypto/src/detection/track-swap.ts:404:51)
    at ClientDuplexStreamImpl.<anonymous> (/home/tuouser/bots/bot-crypto/src/detection/track-swap.ts:456:9)
    at ClientDuplexStreamImpl.emit (node:events:517:28)
    at addChunk (node:internal/streams/readable:368:12)
    at readableAddChunk (node:internal/streams/readable:341:9)
    at ClientDuplexStreamImpl.Readable.push (node:internal/streams/readable:278:10)
    at Object.onReceiveMessage (/home/tuouser/bots/bot-crypto/node_modules/@grpc/grpc-js/src/client.ts:696:16)
    at Object.onReceiveMessage (/home/tuouser/bots/bot-crypto/node_modules/@grpc/grpc-js/src/client-interceptors.ts:413:47)
    at /home/tuouser/bots/bot-crypto/node_modules/@grpc/grpc-js/src/resolving-call.ts:271:32
    at processTicksAndRejections (node:internal/process/task_queues:95:5)
2025-10-05T21:09:23: Error parsing transaction: TypeError: Cannot read properties of undefined (reading 'pubkey')
    at transactionOutput (/home/tuouser/bots/bot-crypto/src/pumpfun-lib/transactionOutput.ts:3:91)
    at decodePumpfunTxn (/home/tuouser/bots/bot-crypto/src/pumpfun-lib/pumpfun-detection.ts:46:38)
    at parseTransaction (/home/tuouser/bots/bot-crypto/src/detection/track-swap.ts:404:51)
    at ClientDuplexStreamImpl.<anonymous> (/home/tuouser/bots/bot-crypto/src/detection/track-swap.ts:456:9)
    at ClientDuplexStreamImpl.emit (node:events:517:28)
    at addChunk (node:internal/streams/readable:368:12)
    at readableAddChunk (node:internal/streams/readable:341:9)
    at ClientDuplexStreamImpl.Readable.push (node:internal/streams/readable:278:10)
    at Object.onReceiveMessage (/home/tuouser/bots/bot-crypto/node_modules/@grpc/grpc-js/src/client.ts:696:16)
    at Object.onReceiveMessage (/home/tuouser/bots/bot-crypto/node_modules/@grpc/grpc-js/src/client-interceptors.ts:413:47)
    at /home/tuouser/bots/bot-crypto/node_modules/@grpc/grpc-js/src/resolving-call.ts:271:32
    at processTicksAndRejections (node:internal/process/task_queues:95:5)
2025-10-05T21:29:01: Error parsing transaction: TypeError: Cannot read properties of undefined (reading 'pubkey')
    at transactionOutput (/home/tuouser/bots/bot-crypto/src/pumpfun-lib/transactionOutput.ts:3:91)
    at decodePumpfunTxn (/home/tuouser/bots/bot-crypto/src/pumpfun-lib/pumpfun-detection.ts:46:38)
    at parseTransaction (/home/tuouser/bots/bot-crypto/src/detection/track-swap.ts:404:51)
    at ClientDuplexStreamImpl.<anonymous> (/home/tuouser/bots/bot-crypto/src/detection/track-swap.ts:456:9)
    at ClientDuplexStreamImpl.emit (node:events:517:28)
    at addChunk (node:internal/streams/readable:368:12)
    at readableAddChunk (node:internal/streams/readable:341:9)
    at ClientDuplexStreamImpl.Readable.push (node:internal/streams/readable:278:10)
    at Object.onReceiveMessage (/home/tuouser/bots/bot-crypto/node_modules/@grpc/grpc-js/src/client.ts:696:16)
    at Object.onReceiveMessage (/home/tuouser/bots/bot-crypto/node_modules/@grpc/grpc-js/src/client-interceptors.ts:413:47)
    at /home/tuouser/bots/bot-crypto/node_modules/@grpc/grpc-js/src/resolving-call.ts:271:32
    at processTicksAndRejections (node:internal/process/task_queues:95:5)
2025-10-05T21:42:42: Error parsing transaction: TypeError: Cannot read properties of undefined (reading 'pubkey')
    at transactionOutput (/home/tuouser/bots/bot-crypto/src/pumpfun-lib/transactionOutput.ts:3:91)
    at decodePumpfunTxn (/home/tuouser/bots/bot-crypto/src/pumpfun-lib/pumpfun-detection.ts:46:38)
    at parseTransaction (/home/tuouser/bots/bot-crypto/src/detection/track-swap.ts:404:51)
    at ClientDuplexStreamImpl.<anonymous> (/home/tuouser/bots/bot-crypto/src/detection/track-swap.ts:456:9)
    at ClientDuplexStreamImpl.emit (node:events:517:28)
    at addChunk (node:internal/streams/readable:368:12)
    at readableAddChunk (node:internal/streams/readable:341:9)
    at ClientDuplexStreamImpl.Readable.push (node:internal/streams/readable:278:10)
    at Object.onReceiveMessage (/home/tuouser/bots/bot-crypto/node_modules/@grpc/grpc-js/src/client.ts:696:16)
    at Object.onReceiveMessage (/home/tuouser/bots/bot-crypto/node_modules/@grpc/grpc-js/src/client-interceptors.ts:413:47)
    at /home/tuouser/bots/bot-crypto/node_modules/@grpc/grpc-js/src/resolving-call.ts:271:32
    at processTicksAndRejections (node:internal/process/task_queues:95:5)
2025-10-05T22:11:04: Error parsing transaction: TypeError: Cannot read properties of undefined (reading 'pubkey')
    at transactionOutput (/home/tuouser/bots/bot-crypto/src/pumpfun-lib/transactionOutput.ts:3:91)
    at decodePumpfunTxn (/home/tuouser/bots/bot-crypto/src/pumpfun-lib/pumpfun-detection.ts:46:38)
    at parseTransaction (/home/tuouser/bots/bot-crypto/src/detection/track-swap.ts:404:51)
    at ClientDuplexStreamImpl.<anonymous> (/home/tuouser/bots/bot-crypto/src/detection/track-swap.ts:456:9)
    at ClientDuplexStreamImpl.emit (node:events:517:28)
    at addChunk (node:internal/streams/readable:368:12)
    at readableAddChunk (node:internal/streams/readable:341:9)
    at ClientDuplexStreamImpl.Readable.push (node:internal/streams/readable:278:10)
    at Object.onReceiveMessage (/home/tuouser/bots/bot-crypto/node_modules/@grpc/grpc-js/src/client.ts:696:16)
    at Object.onReceiveMessage (/home/tuouser/bots/bot-crypto/node_modules/@grpc/grpc-js/src/client-interceptors.ts:413:47)
    at /home/tuouser/bots/bot-crypto/node_modules/@grpc/grpc-js/src/resolving-call.ts:271:32
    at processTicksAndRejections (node:internal/process/task_queues:95:5)
2025-10-05T22:42:16: Error parsing transaction: TypeError: Cannot read properties of undefined (reading 'pubkey')
    at transactionOutput (/home/tuouser/bots/bot-crypto/src/pumpfun-lib/transactionOutput.ts:3:91)
    at decodePumpfunTxn (/home/tuouser/bots/bot-crypto/src/pumpfun-lib/pumpfun-detection.ts:46:38)
    at parseTransaction (/home/tuouser/bots/bot-crypto/src/detection/track-swap.ts:404:51)
    at ClientDuplexStreamImpl.<anonymous> (/home/tuouser/bots/bot-crypto/src/detection/track-swap.ts:456:9)
    at ClientDuplexStreamImpl.emit (node:events:517:28)
    at addChunk (node:internal/streams/readable:368:12)
    at readableAddChunk (node:internal/streams/readable:341:9)
    at ClientDuplexStreamImpl.Readable.push (node:internal/streams/readable:278:10)
    at Object.onReceiveMessage (/home/tuouser/bots/bot-crypto/node_modules/@grpc/grpc-js/src/client.ts:696:16)
    at Object.onReceiveMessage (/home/tuouser/bots/bot-crypto/node_modules/@grpc/grpc-js/src/client-interceptors.ts:413:47)
    at /home/tuouser/bots/bot-crypto/node_modules/@grpc/grpc-js/src/resolving-call.ts:271:32
    at processTicksAndRejections (node:internal/process/task_queues:95:5)
2025-10-05T23:37:15: Error parsing transaction: TypeError: Cannot read properties of undefined (reading 'mint')
    at decodeRaydiumCpmmTxn (/home/tuouser/bots/bot-crypto/src/raydium-lib/raydium-cpmm-detection.ts:63:46)
    at parseTransaction (/home/tuouser/bots/bot-crypto/src/detection/track-swap.ts:374:55)
    at ClientDuplexStreamImpl.<anonymous> (/home/tuouser/bots/bot-crypto/src/detection/track-swap.ts:456:9)
    at ClientDuplexStreamImpl.emit (node:events:517:28)
    at addChunk (node:internal/streams/readable:368:12)
    at readableAddChunk (node:internal/streams/readable:341:9)
    at ClientDuplexStreamImpl.Readable.push (node:internal/streams/readable:278:10)
    at Object.onReceiveMessage (/home/tuouser/bots/bot-crypto/node_modules/@grpc/grpc-js/src/client.ts:696:16)
    at Object.onReceiveMessage (/home/tuouser/bots/bot-crypto/node_modules/@grpc/grpc-js/src/client-interceptors.ts:413:47)
    at /home/tuouser/bots/bot-crypto/node_modules/@grpc/grpc-js/src/resolving-call.ts:271:32
    at processTicksAndRejections (node:internal/process/task_queues:95:5)
2025-10-05T23:37:37: Error parsing transaction: TypeError: Cannot read properties of undefined (reading 'mint')
    at decodeRaydiumCpmmTxn (/home/tuouser/bots/bot-crypto/src/raydium-lib/raydium-cpmm-detection.ts:77:44)
    at parseTransaction (/home/tuouser/bots/bot-crypto/src/detection/track-swap.ts:374:55)
    at ClientDuplexStreamImpl.<anonymous> (/home/tuouser/bots/bot-crypto/src/detection/track-swap.ts:456:9)
    at ClientDuplexStreamImpl.emit (node:events:517:28)
    at addChunk (node:internal/streams/readable:368:12)
    at readableAddChunk (node:internal/streams/readable:341:9)
    at ClientDuplexStreamImpl.Readable.push (node:internal/streams/readable:278:10)
    at Object.onReceiveMessage (/home/tuouser/bots/bot-crypto/node_modules/@grpc/grpc-js/src/client.ts:696:16)
    at Object.onReceiveMessage (/home/tuouser/bots/bot-crypto/node_modules/@grpc/grpc-js/src/client-interceptors.ts:413:47)
    at /home/tuouser/bots/bot-crypto/node_modules/@grpc/grpc-js/src/resolving-call.ts:271:32
    at processTicksAndRejections (node:internal/process/task_queues:95:5)
2025-10-06T00:19:41: Error parsing transaction: TypeError: Cannot read properties of undefined (reading 'pubkey')
    at transactionOutput (/home/tuouser/bots/bot-crypto/src/pumpfun-lib/transactionOutput.ts:3:91)
    at decodePumpfunTxn (/home/tuouser/bots/bot-crypto/src/pumpfun-lib/pumpfun-detection.ts:46:38)
    at parseTransaction (/home/tuouser/bots/bot-crypto/src/detection/track-swap.ts:404:51)
    at ClientDuplexStreamImpl.<anonymous> (/home/tuouser/bots/bot-crypto/src/detection/track-swap.ts:456:9)
    at ClientDuplexStreamImpl.emit (node:events:517:28)
    at addChunk (node:internal/streams/readable:368:12)
    at readableAddChunk (node:internal/streams/readable:341:9)
    at ClientDuplexStreamImpl.Readable.push (node:internal/streams/readable:278:10)
    at Object.onReceiveMessage (/home/tuouser/bots/bot-crypto/node_modules/@grpc/grpc-js/src/client.ts:696:16)
    at Object.onReceiveMessage (/home/tuouser/bots/bot-crypto/node_modules/@grpc/grpc-js/src/client-interceptors.ts:413:47)
    at /home/tuouser/bots/bot-crypto/node_modules/@grpc/grpc-js/src/resolving-call.ts:271:32
    at processTicksAndRejections (node:internal/process/task_queues:95:5)
2025-10-06T01:12:30: bigint: Failed to load bindings, pure JS will be used (try npm run rebuild?)
2025-10-06T04:42:28: Error parsing transaction: TypeError: Cannot read properties of undefined (reading 'pubkey')
    at transactionOutput (/home/tuouser/bots/bot-crypto/src/pumpfun-lib/transactionOutput.ts:3:91)
    at decodePumpfunTxn (/home/tuouser/bots/bot-crypto/src/pumpfun-lib/pumpfun-detection.ts:46:38)
    at parseTransaction (/home/tuouser/bots/bot-crypto/src/detection/track-swap.ts:412:51)
    at ClientDuplexStreamImpl.<anonymous> (/home/tuouser/bots/bot-crypto/src/detection/track-swap.ts:464:9)
    at ClientDuplexStreamImpl.emit (node:events:517:28)
    at addChunk (node:internal/streams/readable:368:12)
    at readableAddChunk (node:internal/streams/readable:341:9)
    at ClientDuplexStreamImpl.Readable.push (node:internal/streams/readable:278:10)
    at Object.onReceiveMessage (/home/tuouser/bots/bot-crypto/node_modules/@grpc/grpc-js/src/client.ts:696:16)
    at Object.onReceiveMessage (/home/tuouser/bots/bot-crypto/node_modules/@grpc/grpc-js/src/client-interceptors.ts:413:47)
    at /home/tuouser/bots/bot-crypto/node_modules/@grpc/grpc-js/src/resolving-call.ts:271:32
    at processTicksAndRejections (node:internal/process/task_queues:95:5)
2025-10-06T05:46:27: Error parsing transaction: TypeError: Cannot read properties of undefined (reading 'pubkey')
    at transactionOutput (/home/tuouser/bots/bot-crypto/src/pumpfun-lib/transactionOutput.ts:3:91)
    at decodePumpfunTxn (/home/tuouser/bots/bot-crypto/src/pumpfun-lib/pumpfun-detection.ts:46:38)
    at parseTransaction (/home/tuouser/bots/bot-crypto/src/detection/track-swap.ts:412:51)
    at ClientDuplexStreamImpl.<anonymous> (/home/tuouser/bots/bot-crypto/src/detection/track-swap.ts:464:9)
    at ClientDuplexStreamImpl.emit (node:events:517:28)
    at addChunk (node:internal/streams/readable:368:12)
    at readableAddChunk (node:internal/streams/readable:341:9)
    at ClientDuplexStreamImpl.Readable.push (node:internal/streams/readable:278:10)
    at Object.onReceiveMessage (/home/tuouser/bots/bot-crypto/node_modules/@grpc/grpc-js/src/client.ts:696:16)
    at Object.onReceiveMessage (/home/tuouser/bots/bot-crypto/node_modules/@grpc/grpc-js/src/client-interceptors.ts:413:47)
    at /home/tuouser/bots/bot-crypto/node_modules/@grpc/grpc-js/src/resolving-call.ts:271:32
    at processTicksAndRejections (node:internal/process/task_queues:95:5)
2025-10-06T07:22:54: Error parsing transaction: TypeError: Cannot read properties of undefined (reading 'pubkey')
    at transactionOutput (/home/tuouser/bots/bot-crypto/src/pumpfun-lib/transactionOutput.ts:3:91)
    at decodePumpfunTxn (/home/tuouser/bots/bot-crypto/src/pumpfun-lib/pumpfun-detection.ts:46:38)
    at parseTransaction (/home/tuouser/bots/bot-crypto/src/detection/track-swap.ts:412:51)
    at ClientDuplexStreamImpl.<anonymous> (/home/tuouser/bots/bot-crypto/src/detection/track-swap.ts:464:9)
    at ClientDuplexStreamImpl.emit (node:events:517:28)
    at addChunk (node:internal/streams/readable:368:12)
    at readableAddChunk (node:internal/streams/readable:341:9)
    at ClientDuplexStreamImpl.Readable.push (node:internal/streams/readable:278:10)
    at Object.onReceiveMessage (/home/tuouser/bots/bot-crypto/node_modules/@grpc/grpc-js/src/client.ts:696:16)
    at Object.onReceiveMessage (/home/tuouser/bots/bot-crypto/node_modules/@grpc/grpc-js/src/client-interceptors.ts:413:47)
    at /home/tuouser/bots/bot-crypto/node_modules/@grpc/grpc-js/src/resolving-call.ts:271:32
    at processTicksAndRejections (node:internal/process/task_queues:95:5)
2025-10-06T07:23:17: Error parsing transaction: TypeError: Cannot read properties of undefined (reading 'pubkey')
    at transactionOutput (/home/tuouser/bots/bot-crypto/src/pumpfun-lib/transactionOutput.ts:3:91)
    at decodePumpfunTxn (/home/tuouser/bots/bot-crypto/src/pumpfun-lib/pumpfun-detection.ts:46:38)
    at parseTransaction (/home/tuouser/bots/bot-crypto/src/detection/track-swap.ts:412:51)
    at ClientDuplexStreamImpl.<anonymous> (/home/tuouser/bots/bot-crypto/src/detection/track-swap.ts:464:9)
    at ClientDuplexStreamImpl.emit (node:events:517:28)
    at addChunk (node:internal/streams/readable:368:12)
    at readableAddChunk (node:internal/streams/readable:341:9)
    at ClientDuplexStreamImpl.Readable.push (node:internal/streams/readable:278:10)
    at Object.onReceiveMessage (/home/tuouser/bots/bot-crypto/node_modules/@grpc/grpc-js/src/client.ts:696:16)
    at Object.onReceiveMessage (/home/tuouser/bots/bot-crypto/node_modules/@grpc/grpc-js/src/client-interceptors.ts:413:47)
    at /home/tuouser/bots/bot-crypto/node_modules/@grpc/grpc-js/src/resolving-call.ts:271:32
    at processTicksAndRejections (node:internal/process/task_queues:95:5)
2025-10-06T07:39:27: Error parsing transaction: TypeError: Cannot read properties of undefined (reading 'pubkey')
    at transactionOutput (/home/tuouser/bots/bot-crypto/src/pumpfun-lib/transactionOutput.ts:3:91)
    at decodePumpfunTxn (/home/tuouser/bots/bot-crypto/src/pumpfun-lib/pumpfun-detection.ts:46:38)
    at parseTransaction (/home/tuouser/bots/bot-crypto/src/detection/track-swap.ts:412:51)
    at ClientDuplexStreamImpl.<anonymous> (/home/tuouser/bots/bot-crypto/src/detection/track-swap.ts:464:9)
    at ClientDuplexStreamImpl.emit (node:events:517:28)
    at addChunk (node:internal/streams/readable:368:12)
    at readableAddChunk (node:internal/streams/readable:341:9)
    at ClientDuplexStreamImpl.Readable.push (node:internal/streams/readable:278:10)
    at Object.onReceiveMessage (/home/tuouser/bots/bot-crypto/node_modules/@grpc/grpc-js/src/client.ts:696:16)
    at Object.onReceiveMessage (/home/tuouser/bots/bot-crypto/node_modules/@grpc/grpc-js/src/client-interceptors.ts:413:47)
    at /home/tuouser/bots/bot-crypto/node_modules/@grpc/grpc-js/src/resolving-call.ts:271:32
    at processTicksAndRejections (node:internal/process/task_queues:95:5)
2025-10-06T08:04:16: Error parsing transaction: TypeError: Cannot read properties of undefined (reading 'pubkey')
    at transactionOutput (/home/tuouser/bots/bot-crypto/src/pumpfun-lib/transactionOutput.ts:3:91)
    at decodePumpfunTxn (/home/tuouser/bots/bot-crypto/src/pumpfun-lib/pumpfun-detection.ts:46:38)
    at parseTransaction (/home/tuouser/bots/bot-crypto/src/detection/track-swap.ts:412:51)
    at ClientDuplexStreamImpl.<anonymous> (/home/tuouser/bots/bot-crypto/src/detection/track-swap.ts:464:9)
    at ClientDuplexStreamImpl.emit (node:events:517:28)
    at addChunk (node:internal/streams/readable:368:12)
    at readableAddChunk (node:internal/streams/readable:341:9)
    at ClientDuplexStreamImpl.Readable.push (node:internal/streams/readable:278:10)
    at Object.onReceiveMessage (/home/tuouser/bots/bot-crypto/node_modules/@grpc/grpc-js/src/client.ts:696:16)
    at Object.onReceiveMessage (/home/tuouser/bots/bot-crypto/node_modules/@grpc/grpc-js/src/client-interceptors.ts:413:47)
    at /home/tuouser/bots/bot-crypto/node_modules/@grpc/grpc-js/src/resolving-call.ts:271:32
    at processTicksAndRejections (node:internal/process/task_queues:95:5)
2025-10-06T13:23:22: Error parsing transaction: TypeError: Cannot read properties of undefined (reading 'pubkey')
    at transactionOutput (/home/tuouser/bots/bot-crypto/src/pumpfun-lib/transactionOutput.ts:3:91)
    at decodePumpfunTxn (/home/tuouser/bots/bot-crypto/src/pumpfun-lib/pumpfun-detection.ts:46:38)
    at parseTransaction (/home/tuouser/bots/bot-crypto/src/detection/track-swap.ts:412:51)
    at ClientDuplexStreamImpl.<anonymous> (/home/tuouser/bots/bot-crypto/src/detection/track-swap.ts:464:9)
    at ClientDuplexStreamImpl.emit (node:events:517:28)
    at addChunk (node:internal/streams/readable:368:12)
    at readableAddChunk (node:internal/streams/readable:341:9)
    at ClientDuplexStreamImpl.Readable.push (node:internal/streams/readable:278:10)
    at Object.onReceiveMessage (/home/tuouser/bots/bot-crypto/node_modules/@grpc/grpc-js/src/client.ts:696:16)
    at Object.onReceiveMessage (/home/tuouser/bots/bot-crypto/node_modules/@grpc/grpc-js/src/client-interceptors.ts:413:47)
    at /home/tuouser/bots/bot-crypto/node_modules/@grpc/grpc-js/src/resolving-call.ts:271:32
    at processTicksAndRejections (node:internal/process/task_queues:95:5)
2025-10-06T14:34:18: Error parsing transaction: TypeError: Cannot read properties of undefined (reading 'pubkey')
    at transactionOutput (/home/tuouser/bots/bot-crypto/src/pumpfun-lib/transactionOutput.ts:3:91)
    at decodePumpfunTxn (/home/tuouser/bots/bot-crypto/src/pumpfun-lib/pumpfun-detection.ts:46:38)
    at parseTransaction (/home/tuouser/bots/bot-crypto/src/detection/track-swap.ts:412:51)
    at ClientDuplexStreamImpl.<anonymous> (/home/tuouser/bots/bot-crypto/src/detection/track-swap.ts:464:9)
    at ClientDuplexStreamImpl.emit (node:events:517:28)
    at addChunk (node:internal/streams/readable:368:12)
    at readableAddChunk (node:internal/streams/readable:341:9)
    at ClientDuplexStreamImpl.Readable.push (node:internal/streams/readable:278:10)
    at Object.onReceiveMessage (/home/tuouser/bots/bot-crypto/node_modules/@grpc/grpc-js/src/client.ts:696:16)
    at Object.onReceiveMessage (/home/tuouser/bots/bot-crypto/node_modules/@grpc/grpc-js/src/client-interceptors.ts:413:47)
    at /home/tuouser/bots/bot-crypto/node_modules/@grpc/grpc-js/src/resolving-call.ts:271:32
    at processTicksAndRejections (node:internal/process/task_queues:95:5)
2025-10-06T15:10:15: Error parsing transaction: TypeError: Cannot read properties of undefined (reading 'pubkey')
    at transactionOutput (/home/tuouser/bots/bot-crypto/src/pumpfun-lib/transactionOutput.ts:3:91)
    at decodePumpfunTxn (/home/tuouser/bots/bot-crypto/src/pumpfun-lib/pumpfun-detection.ts:46:38)
    at parseTransaction (/home/tuouser/bots/bot-crypto/src/detection/track-swap.ts:412:51)
    at ClientDuplexStreamImpl.<anonymous> (/home/tuouser/bots/bot-crypto/src/detection/track-swap.ts:464:9)
    at ClientDuplexStreamImpl.emit (node:events:517:28)
    at addChunk (node:internal/streams/readable:368:12)
    at readableAddChunk (node:internal/streams/readable:341:9)
    at ClientDuplexStreamImpl.Readable.push (node:internal/streams/readable:278:10)
    at Object.onReceiveMessage (/home/tuouser/bots/bot-crypto/node_modules/@grpc/grpc-js/src/client.ts:696:16)
    at Object.onReceiveMessage (/home/tuouser/bots/bot-crypto/node_modules/@grpc/grpc-js/src/client-interceptors.ts:413:47)
    at /home/tuouser/bots/bot-crypto/node_modules/@grpc/grpc-js/src/resolving-call.ts:271:32
    at processTicksAndRejections (node:internal/process/task_queues:95:5)
2025-10-06T16:53:29: Error parsing transaction: TypeError: Cannot read properties of undefined (reading 'pubkey')
    at transactionOutput (/home/tuouser/bots/bot-crypto/src/pumpfun-lib/transactionOutput.ts:3:91)
    at decodePumpfunTxn (/home/tuouser/bots/bot-crypto/src/pumpfun-lib/pumpfun-detection.ts:46:38)
    at parseTransaction (/home/tuouser/bots/bot-crypto/src/detection/track-swap.ts:412:51)
    at ClientDuplexStreamImpl.<anonymous> (/home/tuouser/bots/bot-crypto/src/detection/track-swap.ts:464:9)
    at ClientDuplexStreamImpl.emit (node:events:517:28)
    at addChunk (node:internal/streams/readable:368:12)
    at readableAddChunk (node:internal/streams/readable:341:9)
    at ClientDuplexStreamImpl.Readable.push (node:internal/streams/readable:278:10)
    at Object.onReceiveMessage (/home/tuouser/bots/bot-crypto/node_modules/@grpc/grpc-js/src/client.ts:696:16)
    at Object.onReceiveMessage (/home/tuouser/bots/bot-crypto/node_modules/@grpc/grpc-js/src/client-interceptors.ts:413:47)
    at /home/tuouser/bots/bot-crypto/node_modules/@grpc/grpc-js/src/resolving-call.ts:271:32
    at processTicksAndRejections (node:internal/process/task_queues:95:5)
2025-10-06T18:23:06: Error parsing transaction: TypeError: Cannot read properties of undefined (reading 'pubkey')
    at transactionOutput (/home/tuouser/bots/bot-crypto/src/pumpfun-lib/transactionOutput.ts:3:91)
    at decodePumpfunTxn (/home/tuouser/bots/bot-crypto/src/pumpfun-lib/pumpfun-detection.ts:46:38)
    at parseTransaction (/home/tuouser/bots/bot-crypto/src/detection/track-swap.ts:412:51)
    at ClientDuplexStreamImpl.<anonymous> (/home/tuouser/bots/bot-crypto/src/detection/track-swap.ts:464:9)
    at ClientDuplexStreamImpl.emit (node:events:517:28)
    at addChunk (node:internal/streams/readable:368:12)
    at readableAddChunk (node:internal/streams/readable:341:9)
    at ClientDuplexStreamImpl.Readable.push (node:internal/streams/readable:278:10)
    at Object.onReceiveMessage (/home/tuouser/bots/bot-crypto/node_modules/@grpc/grpc-js/src/client.ts:696:16)
    at Object.onReceiveMessage (/home/tuouser/bots/bot-crypto/node_modules/@grpc/grpc-js/src/client-interceptors.ts:413:47)
    at /home/tuouser/bots/bot-crypto/node_modules/@grpc/grpc-js/src/resolving-call.ts:271:32
    at processTicksAndRejections (node:internal/process/task_queues:95:5)
2025-10-06T18:25:57: Error parsing transaction: TypeError: Cannot read properties of undefined (reading 'pubkey')
    at transactionOutput (/home/tuouser/bots/bot-crypto/src/pumpfun-lib/transactionOutput.ts:3:91)
    at decodePumpfunTxn (/home/tuouser/bots/bot-crypto/src/pumpfun-lib/pumpfun-detection.ts:46:38)
    at parseTransaction (/home/tuouser/bots/bot-crypto/src/detection/track-swap.ts:412:51)
    at ClientDuplexStreamImpl.<anonymous> (/home/tuouser/bots/bot-crypto/src/detection/track-swap.ts:464:9)
    at ClientDuplexStreamImpl.emit (node:events:517:28)
    at addChunk (node:internal/streams/readable:368:12)
    at readableAddChunk (node:internal/streams/readable:341:9)
    at ClientDuplexStreamImpl.Readable.push (node:internal/streams/readable:278:10)
    at Object.onReceiveMessage (/home/tuouser/bots/bot-crypto/node_modules/@grpc/grpc-js/src/client.ts:696:16)
    at Object.onReceiveMessage (/home/tuouser/bots/bot-crypto/node_modules/@grpc/grpc-js/src/client-interceptors.ts:413:47)
    at /home/tuouser/bots/bot-crypto/node_modules/@grpc/grpc-js/src/resolving-call.ts:271:32
    at processTicksAndRejections (node:internal/process/task_queues:95:5)
2025-10-06T18:48:11: Error parsing transaction: TypeError: Cannot read properties of undefined (reading 'pubkey')
    at transactionOutput (/home/tuouser/bots/bot-crypto/src/pumpfun-lib/transactionOutput.ts:3:91)
    at decodePumpfunTxn (/home/tuouser/bots/bot-crypto/src/pumpfun-lib/pumpfun-detection.ts:46:38)
    at parseTransaction (/home/tuouser/bots/bot-crypto/src/detection/track-swap.ts:412:51)
    at ClientDuplexStreamImpl.<anonymous> (/home/tuouser/bots/bot-crypto/src/detection/track-swap.ts:464:9)
    at ClientDuplexStreamImpl.emit (node:events:517:28)
    at addChunk (node:internal/streams/readable:368:12)
    at readableAddChunk (node:internal/streams/readable:341:9)
    at ClientDuplexStreamImpl.Readable.push (node:internal/streams/readable:278:10)
    at Object.onReceiveMessage (/home/tuouser/bots/bot-crypto/node_modules/@grpc/grpc-js/src/client.ts:696:16)
    at Object.onReceiveMessage (/home/tuouser/bots/bot-crypto/node_modules/@grpc/grpc-js/src/client-interceptors.ts:413:47)
    at /home/tuouser/bots/bot-crypto/node_modules/@grpc/grpc-js/src/resolving-call.ts:271:32
    at processTicksAndRejections (node:internal/process/task_queues:95:5)
2025-10-06T18:56:36: Error parsing transaction: TypeError: Cannot read properties of undefined (reading 'pubkey')
    at transactionOutput (/home/tuouser/bots/bot-crypto/src/pumpfun-lib/transactionOutput.ts:3:91)
    at decodePumpfunTxn (/home/tuouser/bots/bot-crypto/src/pumpfun-lib/pumpfun-detection.ts:46:38)
    at parseTransaction (/home/tuouser/bots/bot-crypto/src/detection/track-swap.ts:412:51)
    at ClientDuplexStreamImpl.<anonymous> (/home/tuouser/bots/bot-crypto/src/detection/track-swap.ts:464:9)
    at ClientDuplexStreamImpl.emit (node:events:517:28)
    at addChunk (node:internal/streams/readable:368:12)
    at readableAddChunk (node:internal/streams/readable:341:9)
    at ClientDuplexStreamImpl.Readable.push (node:internal/streams/readable:278:10)
    at Object.onReceiveMessage (/home/tuouser/bots/bot-crypto/node_modules/@grpc/grpc-js/src/client.ts:696:16)
    at Object.onReceiveMessage (/home/tuouser/bots/bot-crypto/node_modules/@grpc/grpc-js/src/client-interceptors.ts:413:47)
    at /home/tuouser/bots/bot-crypto/node_modules/@grpc/grpc-js/src/resolving-call.ts:271:32
    at processTicksAndRejections (node:internal/process/task_queues:95:5)
2025-10-06T19:10:35: Error parsing transaction: TypeError: Cannot read properties of undefined (reading 'pubkey')
    at transactionOutput (/home/tuouser/bots/bot-crypto/src/pumpfun-lib/transactionOutput.ts:3:91)
    at decodePumpfunTxn (/home/tuouser/bots/bot-crypto/src/pumpfun-lib/pumpfun-detection.ts:46:38)
    at parseTransaction (/home/tuouser/bots/bot-crypto/src/detection/track-swap.ts:412:51)
    at ClientDuplexStreamImpl.<anonymous> (/home/tuouser/bots/bot-crypto/src/detection/track-swap.ts:464:9)
    at ClientDuplexStreamImpl.emit (node:events:517:28)
    at addChunk (node:internal/streams/readable:368:12)
    at readableAddChunk (node:internal/streams/readable:341:9)
    at ClientDuplexStreamImpl.Readable.push (node:internal/streams/readable:278:10)
    at Object.onReceiveMessage (/home/tuouser/bots/bot-crypto/node_modules/@grpc/grpc-js/src/client.ts:696:16)
    at Object.onReceiveMessage (/home/tuouser/bots/bot-crypto/node_modules/@grpc/grpc-js/src/client-interceptors.ts:413:47)
    at /home/tuouser/bots/bot-crypto/node_modules/@grpc/grpc-js/src/resolving-call.ts:271:32
    at processTicksAndRejections (node:internal/process/task_queues:95:5)
2025-10-06T19:35:13: Error parsing transaction: TypeError: Cannot read properties of undefined (reading 'pubkey')
    at transactionOutput (/home/tuouser/bots/bot-crypto/src/pumpfun-lib/transactionOutput.ts:3:91)
    at decodePumpfunTxn (/home/tuouser/bots/bot-crypto/src/pumpfun-lib/pumpfun-detection.ts:46:38)
    at parseTransaction (/home/tuouser/bots/bot-crypto/src/detection/track-swap.ts:412:51)
    at ClientDuplexStreamImpl.<anonymous> (/home/tuouser/bots/bot-crypto/src/detection/track-swap.ts:464:9)
    at ClientDuplexStreamImpl.emit (node:events:517:28)
    at addChunk (node:internal/streams/readable:368:12)
    at readableAddChunk (node:internal/streams/readable:341:9)
    at ClientDuplexStreamImpl.Readable.push (node:internal/streams/readable:278:10)
    at Object.onReceiveMessage (/home/tuouser/bots/bot-crypto/node_modules/@grpc/grpc-js/src/client.ts:696:16)
    at Object.onReceiveMessage (/home/tuouser/bots/bot-crypto/node_modules/@grpc/grpc-js/src/client-interceptors.ts:413:47)
    at /home/tuouser/bots/bot-crypto/node_modules/@grpc/grpc-js/src/resolving-call.ts:271:32
    at processTicksAndRejections (node:internal/process/task_queues:95:5)
2025-10-06T19:46:08: Error parsing transaction: TypeError: Cannot read properties of undefined (reading 'pubkey')
    at transactionOutput (/home/tuouser/bots/bot-crypto/src/pumpfun-lib/transactionOutput.ts:3:91)
    at decodePumpfunTxn (/home/tuouser/bots/bot-crypto/src/pumpfun-lib/pumpfun-detection.ts:46:38)
    at parseTransaction (/home/tuouser/bots/bot-crypto/src/detection/track-swap.ts:412:51)
    at ClientDuplexStreamImpl.<anonymous> (/home/tuouser/bots/bot-crypto/src/detection/track-swap.ts:464:9)
    at ClientDuplexStreamImpl.emit (node:events:517:28)
    at addChunk (node:internal/streams/readable:368:12)
    at readableAddChunk (node:internal/streams/readable:341:9)
    at ClientDuplexStreamImpl.Readable.push (node:internal/streams/readable:278:10)
    at Object.onReceiveMessage (/home/tuouser/bots/bot-crypto/node_modules/@grpc/grpc-js/src/client.ts:696:16)
    at Object.onReceiveMessage (/home/tuouser/bots/bot-crypto/node_modules/@grpc/grpc-js/src/client-interceptors.ts:413:47)
    at /home/tuouser/bots/bot-crypto/node_modules/@grpc/grpc-js/src/resolving-call.ts:271:32
    at processTicksAndRejections (node:internal/process/task_queues:95:5)
2025-10-06T19:46:32: Error parsing transaction: TypeError: Cannot read properties of undefined (reading 'pubkey')
    at transactionOutput (/home/tuouser/bots/bot-crypto/src/pumpfun-lib/transactionOutput.ts:3:91)
    at decodePumpfunTxn (/home/tuouser/bots/bot-crypto/src/pumpfun-lib/pumpfun-detection.ts:46:38)
    at parseTransaction (/home/tuouser/bots/bot-crypto/src/detection/track-swap.ts:412:51)
    at ClientDuplexStreamImpl.<anonymous> (/home/tuouser/bots/bot-crypto/src/detection/track-swap.ts:464:9)
    at ClientDuplexStreamImpl.emit (node:events:517:28)
    at addChunk (node:internal/streams/readable:368:12)
    at readableAddChunk (node:internal/streams/readable:341:9)
    at ClientDuplexStreamImpl.Readable.push (node:internal/streams/readable:278:10)
    at Object.onReceiveMessage (/home/tuouser/bots/bot-crypto/node_modules/@grpc/grpc-js/src/client.ts:696:16)
    at Object.onReceiveMessage (/home/tuouser/bots/bot-crypto/node_modules/@grpc/grpc-js/src/client-interceptors.ts:413:47)
    at /home/tuouser/bots/bot-crypto/node_modules/@grpc/grpc-js/src/resolving-call.ts:271:32
    at processTicksAndRejections (node:internal/process/task_queues:95:5)
2025-10-06T20:59:07: Error parsing transaction: TypeError: Cannot read properties of undefined (reading 'pubkey')
    at transactionOutput (/home/tuouser/bots/bot-crypto/src/pumpfun-lib/transactionOutput.ts:3:91)
    at decodePumpfunTxn (/home/tuouser/bots/bot-crypto/src/pumpfun-lib/pumpfun-detection.ts:46:38)
    at parseTransaction (/home/tuouser/bots/bot-crypto/src/detection/track-swap.ts:412:51)
    at ClientDuplexStreamImpl.<anonymous> (/home/tuouser/bots/bot-crypto/src/detection/track-swap.ts:464:9)
    at ClientDuplexStreamImpl.emit (node:events:517:28)
    at addChunk (node:internal/streams/readable:368:12)
    at readableAddChunk (node:internal/streams/readable:341:9)
    at ClientDuplexStreamImpl.Readable.push (node:internal/streams/readable:278:10)
    at Object.onReceiveMessage (/home/tuouser/bots/bot-crypto/node_modules/@grpc/grpc-js/src/client.ts:696:16)
    at Object.onReceiveMessage (/home/tuouser/bots/bot-crypto/node_modules/@grpc/grpc-js/src/client-interceptors.ts:413:47)
    at /home/tuouser/bots/bot-crypto/node_modules/@grpc/grpc-js/src/resolving-call.ts:271:32
    at processTicksAndRejections (node:internal/process/task_queues:95:5)
2025-10-06T22:01:32: Error parsing transaction: TypeError: Cannot read properties of undefined (reading 'pubkey')
    at transactionOutput (/home/tuouser/bots/bot-crypto/src/pumpfun-lib/transactionOutput.ts:3:91)
    at decodePumpfunTxn (/home/tuouser/bots/bot-crypto/src/pumpfun-lib/pumpfun-detection.ts:46:38)
    at parseTransaction (/home/tuouser/bots/bot-crypto/src/detection/track-swap.ts:412:51)
    at ClientDuplexStreamImpl.<anonymous> (/home/tuouser/bots/bot-crypto/src/detection/track-swap.ts:464:9)
    at ClientDuplexStreamImpl.emit (node:events:517:28)
    at addChunk (node:internal/streams/readable:368:12)
    at readableAddChunk (node:internal/streams/readable:341:9)
    at ClientDuplexStreamImpl.Readable.push (node:internal/streams/readable:278:10)
    at Object.onReceiveMessage (/home/tuouser/bots/bot-crypto/node_modules/@grpc/grpc-js/src/client.ts:696:16)
    at Object.onReceiveMessage (/home/tuouser/bots/bot-crypto/node_modules/@grpc/grpc-js/src/client-interceptors.ts:413:47)
    at /home/tuouser/bots/bot-crypto/node_modules/@grpc/grpc-js/src/resolving-call.ts:271:32
    at processTicksAndRejections (node:internal/process/task_queues:95:5)
2025-10-06T22:06:19: Error parsing transaction: TypeError: Cannot read properties of undefined (reading 'pubkey')
    at transactionOutput (/home/tuouser/bots/bot-crypto/src/pumpfun-lib/transactionOutput.ts:3:91)
    at decodePumpfunTxn (/home/tuouser/bots/bot-crypto/src/pumpfun-lib/pumpfun-detection.ts:46:38)
    at parseTransaction (/home/tuouser/bots/bot-crypto/src/detection/track-swap.ts:412:51)
    at ClientDuplexStreamImpl.<anonymous> (/home/tuouser/bots/bot-crypto/src/detection/track-swap.ts:464:9)
    at ClientDuplexStreamImpl.emit (node:events:517:28)
    at addChunk (node:internal/streams/readable:368:12)
    at readableAddChunk (node:internal/streams/readable:341:9)
    at ClientDuplexStreamImpl.Readable.push (node:internal/streams/readable:278:10)
    at Object.onReceiveMessage (/home/tuouser/bots/bot-crypto/node_modules/@grpc/grpc-js/src/client.ts:696:16)
    at Object.onReceiveMessage (/home/tuouser/bots/bot-crypto/node_modules/@grpc/grpc-js/src/client-interceptors.ts:413:47)
    at /home/tuouser/bots/bot-crypto/node_modules/@grpc/grpc-js/src/resolving-call.ts:271:32
    at processTicksAndRejections (node:internal/process/task_queues:95:5)
2025-10-06T22:36:36: Error parsing transaction: TypeError: Cannot read properties of undefined (reading 'pubkey')
    at transactionOutput (/home/tuouser/bots/bot-crypto/src/pumpfun-lib/transactionOutput.ts:3:91)
    at decodePumpfunTxn (/home/tuouser/bots/bot-crypto/src/pumpfun-lib/pumpfun-detection.ts:46:38)
    at parseTransaction (/home/tuouser/bots/bot-crypto/src/detection/track-swap.ts:412:51)
    at ClientDuplexStreamImpl.<anonymous> (/home/tuouser/bots/bot-crypto/src/detection/track-swap.ts:464:9)
    at ClientDuplexStreamImpl.emit (node:events:517:28)
    at addChunk (node:internal/streams/readable:368:12)
    at readableAddChunk (node:internal/streams/readable:341:9)
    at ClientDuplexStreamImpl.Readable.push (node:internal/streams/readable:278:10)
    at Object.onReceiveMessage (/home/tuouser/bots/bot-crypto/node_modules/@grpc/grpc-js/src/client.ts:696:16)
    at Object.onReceiveMessage (/home/tuouser/bots/bot-crypto/node_modules/@grpc/grpc-js/src/client-interceptors.ts:413:47)
    at /home/tuouser/bots/bot-crypto/node_modules/@grpc/grpc-js/src/resolving-call.ts:271:32
    at processTicksAndRejections (node:internal/process/task_queues:95:5)
2025-10-06T23:17:15: Error parsing transaction: TypeError: Cannot read properties of undefined (reading 'pubkey')
    at transactionOutput (/home/tuouser/bots/bot-crypto/src/pumpfun-lib/transactionOutput.ts:3:91)
    at decodePumpfunTxn (/home/tuouser/bots/bot-crypto/src/pumpfun-lib/pumpfun-detection.ts:46:38)
    at parseTransaction (/home/tuouser/bots/bot-crypto/src/detection/track-swap.ts:412:51)
    at ClientDuplexStreamImpl.<anonymous> (/home/tuouser/bots/bot-crypto/src/detection/track-swap.ts:464:9)
    at ClientDuplexStreamImpl.emit (node:events:517:28)
    at addChunk (node:internal/streams/readable:368:12)
    at readableAddChunk (node:internal/streams/readable:341:9)
    at ClientDuplexStreamImpl.Readable.push (node:internal/streams/readable:278:10)
    at Object.onReceiveMessage (/home/tuouser/bots/bot-crypto/node_modules/@grpc/grpc-js/src/client.ts:696:16)
    at Object.onReceiveMessage (/home/tuouser/bots/bot-crypto/node_modules/@grpc/grpc-js/src/client-interceptors.ts:413:47)
    at /home/tuouser/bots/bot-crypto/node_modules/@grpc/grpc-js/src/resolving-call.ts:271:32
    at processTicksAndRejections (node:internal/process/task_queues:95:5)
2025-10-07T01:02:15: Error parsing transaction: TypeError: Cannot read properties of undefined (reading 'pubkey')
    at transactionOutput (/home/tuouser/bots/bot-crypto/src/pumpfun-lib/transactionOutput.ts:3:91)
    at decodePumpfunTxn (/home/tuouser/bots/bot-crypto/src/pumpfun-lib/pumpfun-detection.ts:46:38)
    at parseTransaction (/home/tuouser/bots/bot-crypto/src/detection/track-swap.ts:412:51)
    at ClientDuplexStreamImpl.<anonymous> (/home/tuouser/bots/bot-crypto/src/detection/track-swap.ts:464:9)
    at ClientDuplexStreamImpl.emit (node:events:517:28)
    at addChunk (node:internal/streams/readable:368:12)
    at readableAddChunk (node:internal/streams/readable:341:9)
    at ClientDuplexStreamImpl.Readable.push (node:internal/streams/readable:278:10)
    at Object.onReceiveMessage (/home/tuouser/bots/bot-crypto/node_modules/@grpc/grpc-js/src/client.ts:696:16)
    at Object.onReceiveMessage (/home/tuouser/bots/bot-crypto/node_modules/@grpc/grpc-js/src/client-interceptors.ts:413:47)
    at /home/tuouser/bots/bot-crypto/node_modules/@grpc/grpc-js/src/resolving-call.ts:271:32
    at processTicksAndRejections (node:internal/process/task_queues:95:5)
2025-10-07T02:32:46: Error parsing transaction: TypeError: Cannot read properties of undefined (reading 'pubkey')
    at transactionOutput (/home/tuouser/bots/bot-crypto/src/pumpfun-lib/transactionOutput.ts:3:91)
    at decodePumpfunTxn (/home/tuouser/bots/bot-crypto/src/pumpfun-lib/pumpfun-detection.ts:46:38)
    at parseTransaction (/home/tuouser/bots/bot-crypto/src/detection/track-swap.ts:412:51)
    at ClientDuplexStreamImpl.<anonymous> (/home/tuouser/bots/bot-crypto/src/detection/track-swap.ts:464:9)
    at ClientDuplexStreamImpl.emit (node:events:517:28)
    at addChunk (node:internal/streams/readable:368:12)
    at readableAddChunk (node:internal/streams/readable:341:9)
    at ClientDuplexStreamImpl.Readable.push (node:internal/streams/readable:278:10)
    at Object.onReceiveMessage (/home/tuouser/bots/bot-crypto/node_modules/@grpc/grpc-js/src/client.ts:696:16)
    at Object.onReceiveMessage (/home/tuouser/bots/bot-crypto/node_modules/@grpc/grpc-js/src/client-interceptors.ts:413:47)
    at /home/tuouser/bots/bot-crypto/node_modules/@grpc/grpc-js/src/resolving-call.ts:271:32
    at processTicksAndRejections (node:internal/process/task_queues:95:5)
2025-10-07T02:38:53: Error parsing transaction: TypeError: Cannot read properties of undefined (reading 'pubkey')
    at transactionOutput (/home/tuouser/bots/bot-crypto/src/pumpfun-lib/transactionOutput.ts:3:91)
    at decodePumpfunTxn (/home/tuouser/bots/bot-crypto/src/pumpfun-lib/pumpfun-detection.ts:46:38)
    at parseTransaction (/home/tuouser/bots/bot-crypto/src/detection/track-swap.ts:412:51)
    at ClientDuplexStreamImpl.<anonymous> (/home/tuouser/bots/bot-crypto/src/detection/track-swap.ts:464:9)
    at ClientDuplexStreamImpl.emit (node:events:517:28)
    at addChunk (node:internal/streams/readable:368:12)
    at readableAddChunk (node:internal/streams/readable:341:9)
    at ClientDuplexStreamImpl.Readable.push (node:internal/streams/readable:278:10)
    at Object.onReceiveMessage (/home/tuouser/bots/bot-crypto/node_modules/@grpc/grpc-js/src/client.ts:696:16)
    at Object.onReceiveMessage (/home/tuouser/bots/bot-crypto/node_modules/@grpc/grpc-js/src/client-interceptors.ts:413:47)
    at /home/tuouser/bots/bot-crypto/node_modules/@grpc/grpc-js/src/resolving-call.ts:271:32
    at processTicksAndRejections (node:internal/process/task_queues:95:5)
2025-10-07T02:48:41: Error parsing transaction: TypeError: Cannot read properties of undefined (reading 'pubkey')
    at transactionOutput (/home/tuouser/bots/bot-crypto/src/pumpfun-lib/transactionOutput.ts:3:91)
    at decodePumpfunTxn (/home/tuouser/bots/bot-crypto/src/pumpfun-lib/pumpfun-detection.ts:46:38)
    at parseTransaction (/home/tuouser/bots/bot-crypto/src/detection/track-swap.ts:412:51)
    at ClientDuplexStreamImpl.<anonymous> (/home/tuouser/bots/bot-crypto/src/detection/track-swap.ts:464:9)
    at ClientDuplexStreamImpl.emit (node:events:517:28)
    at addChunk (node:internal/streams/readable:368:12)
    at readableAddChunk (node:internal/streams/readable:341:9)
    at ClientDuplexStreamImpl.Readable.push (node:internal/streams/readable:278:10)
    at Object.onReceiveMessage (/home/tuouser/bots/bot-crypto/node_modules/@grpc/grpc-js/src/client.ts:696:16)
    at Object.onReceiveMessage (/home/tuouser/bots/bot-crypto/node_modules/@grpc/grpc-js/src/client-interceptors.ts:413:47)
    at /home/tuouser/bots/bot-crypto/node_modules/@grpc/grpc-js/src/resolving-call.ts:271:32
    at processTicksAndRejections (node:internal/process/task_queues:95:5)
2025-10-07T03:35:41: Error parsing transaction: TypeError: Cannot read properties of undefined (reading 'pubkey')
    at transactionOutput (/home/tuouser/bots/bot-crypto/src/pumpfun-lib/transactionOutput.ts:3:91)
    at decodePumpfunTxn (/home/tuouser/bots/bot-crypto/src/pumpfun-lib/pumpfun-detection.ts:46:38)
    at parseTransaction (/home/tuouser/bots/bot-crypto/src/detection/track-swap.ts:412:51)
    at ClientDuplexStreamImpl.<anonymous> (/home/tuouser/bots/bot-crypto/src/detection/track-swap.ts:464:9)
    at ClientDuplexStreamImpl.emit (node:events:517:28)
    at addChunk (node:internal/streams/readable:368:12)
    at readableAddChunk (node:internal/streams/readable:341:9)
    at ClientDuplexStreamImpl.Readable.push (node:internal/streams/readable:278:10)
    at Object.onReceiveMessage (/home/tuouser/bots/bot-crypto/node_modules/@grpc/grpc-js/src/client.ts:696:16)
    at Object.onReceiveMessage (/home/tuouser/bots/bot-crypto/node_modules/@grpc/grpc-js/src/client-interceptors.ts:413:47)
    at /home/tuouser/bots/bot-crypto/node_modules/@grpc/grpc-js/src/resolving-call.ts:271:32
    at processTicksAndRejections (node:internal/process/task_queues:95:5)
2025-10-07T04:02:26: Error parsing transaction: TypeError: Cannot read properties of undefined (reading 'pubkey')
    at transactionOutput (/home/tuouser/bots/bot-crypto/src/pumpfun-lib/transactionOutput.ts:3:91)
    at decodePumpfunTxn (/home/tuouser/bots/bot-crypto/src/pumpfun-lib/pumpfun-detection.ts:46:38)
    at parseTransaction (/home/tuouser/bots/bot-crypto/src/detection/track-swap.ts:412:51)
    at ClientDuplexStreamImpl.<anonymous> (/home/tuouser/bots/bot-crypto/src/detection/track-swap.ts:464:9)
    at ClientDuplexStreamImpl.emit (node:events:517:28)
    at addChunk (node:internal/streams/readable:368:12)
    at readableAddChunk (node:internal/streams/readable:341:9)
    at ClientDuplexStreamImpl.Readable.push (node:internal/streams/readable:278:10)
    at Object.onReceiveMessage (/home/tuouser/bots/bot-crypto/node_modules/@grpc/grpc-js/src/client.ts:696:16)
    at Object.onReceiveMessage (/home/tuouser/bots/bot-crypto/node_modules/@grpc/grpc-js/src/client-interceptors.ts:413:47)
    at /home/tuouser/bots/bot-crypto/node_modules/@grpc/grpc-js/src/resolving-call.ts:271:32
    at processTicksAndRejections (node:internal/process/task_queues:95:5)
2025-10-07T04:25:55: Error parsing transaction: TypeError: Cannot read properties of undefined (reading 'pubkey')
    at transactionOutput (/home/tuouser/bots/bot-crypto/src/pumpfun-lib/transactionOutput.ts:3:91)
    at decodePumpfunTxn (/home/tuouser/bots/bot-crypto/src/pumpfun-lib/pumpfun-detection.ts:46:38)
    at parseTransaction (/home/tuouser/bots/bot-crypto/src/detection/track-swap.ts:412:51)
    at ClientDuplexStreamImpl.<anonymous> (/home/tuouser/bots/bot-crypto/src/detection/track-swap.ts:464:9)
    at ClientDuplexStreamImpl.emit (node:events:517:28)
    at addChunk (node:internal/streams/readable:368:12)
    at readableAddChunk (node:internal/streams/readable:341:9)
    at ClientDuplexStreamImpl.Readable.push (node:internal/streams/readable:278:10)
    at Object.onReceiveMessage (/home/tuouser/bots/bot-crypto/node_modules/@grpc/grpc-js/src/client.ts:696:16)
    at Object.onReceiveMessage (/home/tuouser/bots/bot-crypto/node_modules/@grpc/grpc-js/src/client-interceptors.ts:413:47)
    at /home/tuouser/bots/bot-crypto/node_modules/@grpc/grpc-js/src/resolving-call.ts:271:32
    at processTicksAndRejections (node:internal/process/task_queues:95:5)
2025-10-07T04:27:40: Error parsing transaction: TypeError: Cannot read properties of undefined (reading 'pubkey')
    at transactionOutput (/home/tuouser/bots/bot-crypto/src/pumpfun-lib/transactionOutput.ts:3:91)
    at decodePumpfunTxn (/home/tuouser/bots/bot-crypto/src/pumpfun-lib/pumpfun-detection.ts:46:38)
    at parseTransaction (/home/tuouser/bots/bot-crypto/src/detection/track-swap.ts:412:51)
    at ClientDuplexStreamImpl.<anonymous> (/home/tuouser/bots/bot-crypto/src/detection/track-swap.ts:464:9)
    at ClientDuplexStreamImpl.emit (node:events:517:28)
    at addChunk (node:internal/streams/readable:368:12)
    at readableAddChunk (node:internal/streams/readable:341:9)
    at ClientDuplexStreamImpl.Readable.push (node:internal/streams/readable:278:10)
    at Object.onReceiveMessage (/home/tuouser/bots/bot-crypto/node_modules/@grpc/grpc-js/src/client.ts:696:16)
    at Object.onReceiveMessage (/home/tuouser/bots/bot-crypto/node_modules/@grpc/grpc-js/src/client-interceptors.ts:413:47)
    at /home/tuouser/bots/bot-crypto/node_modules/@grpc/grpc-js/src/resolving-call.ts:271:32
    at processTicksAndRejections (node:internal/process/task_queues:95:5)
2025-10-07T07:47:40: Error parsing transaction: TypeError: Cannot read properties of undefined (reading 'pubkey')
    at transactionOutput (/home/tuouser/bots/bot-crypto/src/pumpfun-lib/transactionOutput.ts:3:91)
    at decodePumpfunTxn (/home/tuouser/bots/bot-crypto/src/pumpfun-lib/pumpfun-detection.ts:46:38)
    at parseTransaction (/home/tuouser/bots/bot-crypto/src/detection/track-swap.ts:412:51)
    at ClientDuplexStreamImpl.<anonymous> (/home/tuouser/bots/bot-crypto/src/detection/track-swap.ts:464:9)
    at ClientDuplexStreamImpl.emit (node:events:517:28)
    at addChunk (node:internal/streams/readable:368:12)
    at readableAddChunk (node:internal/streams/readable:341:9)
    at ClientDuplexStreamImpl.Readable.push (node:internal/streams/readable:278:10)
    at Object.onReceiveMessage (/home/tuouser/bots/bot-crypto/node_modules/@grpc/grpc-js/src/client.ts:696:16)
    at Object.onReceiveMessage (/home/tuouser/bots/bot-crypto/node_modules/@grpc/grpc-js/src/client-interceptors.ts:413:47)
    at /home/tuouser/bots/bot-crypto/node_modules/@grpc/grpc-js/src/resolving-call.ts:271:32
    at processTicksAndRejections (node:internal/process/task_queues:95:5)
2025-10-07T07:59:26: Error parsing transaction: TypeError: Cannot read properties of undefined (reading 'pubkey')
    at transactionOutput (/home/tuouser/bots/bot-crypto/src/pumpfun-lib/transactionOutput.ts:3:91)
    at decodePumpfunTxn (/home/tuouser/bots/bot-crypto/src/pumpfun-lib/pumpfun-detection.ts:46:38)
    at parseTransaction (/home/tuouser/bots/bot-crypto/src/detection/track-swap.ts:412:51)
    at ClientDuplexStreamImpl.<anonymous> (/home/tuouser/bots/bot-crypto/src/detection/track-swap.ts:464:9)
    at ClientDuplexStreamImpl.emit (node:events:517:28)
    at addChunk (node:internal/streams/readable:368:12)
    at readableAddChunk (node:internal/streams/readable:341:9)
    at ClientDuplexStreamImpl.Readable.push (node:internal/streams/readable:278:10)
    at Object.onReceiveMessage (/home/tuouser/bots/bot-crypto/node_modules/@grpc/grpc-js/src/client.ts:696:16)
    at Object.onReceiveMessage (/home/tuouser/bots/bot-crypto/node_modules/@grpc/grpc-js/src/client-interceptors.ts:413:47)
    at /home/tuouser/bots/bot-crypto/node_modules/@grpc/grpc-js/src/resolving-call.ts:271:32
    at processTicksAndRejections (node:internal/process/task_queues:95:5)
2025-10-07T10:11:09: Error parsing transaction: TypeError: Cannot read properties of undefined (reading 'pubkey')
    at transactionOutput (/home/tuouser/bots/bot-crypto/src/pumpfun-lib/transactionOutput.ts:3:91)
    at decodePumpfunTxn (/home/tuouser/bots/bot-crypto/src/pumpfun-lib/pumpfun-detection.ts:46:38)
    at parseTransaction (/home/tuouser/bots/bot-crypto/src/detection/track-swap.ts:412:51)
    at ClientDuplexStreamImpl.<anonymous> (/home/tuouser/bots/bot-crypto/src/detection/track-swap.ts:464:9)
    at ClientDuplexStreamImpl.emit (node:events:517:28)
    at addChunk (node:internal/streams/readable:368:12)
    at readableAddChunk (node:internal/streams/readable:341:9)
    at ClientDuplexStreamImpl.Readable.push (node:internal/streams/readable:278:10)
    at Object.onReceiveMessage (/home/tuouser/bots/bot-crypto/node_modules/@grpc/grpc-js/src/client.ts:696:16)
    at Object.onReceiveMessage (/home/tuouser/bots/bot-crypto/node_modules/@grpc/grpc-js/src/client-interceptors.ts:413:47)
    at /home/tuouser/bots/bot-crypto/node_modules/@grpc/grpc-js/src/resolving-call.ts:271:32
    at processTicksAndRejections (node:internal/process/task_queues:95:5)
2025-10-07T10:14:45: Error parsing transaction: TypeError: Cannot read properties of undefined (reading 'pubkey')
    at transactionOutput (/home/tuouser/bots/bot-crypto/src/pumpfun-lib/transactionOutput.ts:3:91)
    at decodePumpfunTxn (/home/tuouser/bots/bot-crypto/src/pumpfun-lib/pumpfun-detection.ts:46:38)
    at parseTransaction (/home/tuouser/bots/bot-crypto/src/detection/track-swap.ts:412:51)
    at ClientDuplexStreamImpl.<anonymous> (/home/tuouser/bots/bot-crypto/src/detection/track-swap.ts:464:9)
    at ClientDuplexStreamImpl.emit (node:events:517:28)
    at addChunk (node:internal/streams/readable:368:12)
    at readableAddChunk (node:internal/streams/readable:341:9)
    at ClientDuplexStreamImpl.Readable.push (node:internal/streams/readable:278:10)
    at Object.onReceiveMessage (/home/tuouser/bots/bot-crypto/node_modules/@grpc/grpc-js/src/client.ts:696:16)
    at Object.onReceiveMessage (/home/tuouser/bots/bot-crypto/node_modules/@grpc/grpc-js/src/client-interceptors.ts:413:47)
    at /home/tuouser/bots/bot-crypto/node_modules/@grpc/grpc-js/src/resolving-call.ts:271:32
    at processTicksAndRejections (node:internal/process/task_queues:95:5)
2025-10-07T17:16:35: Error parsing transaction: TypeError: Cannot read properties of undefined (reading 'pubkey')
    at transactionOutput (/home/tuouser/bots/bot-crypto/src/pumpfun-lib/transactionOutput.ts:3:91)
    at decodePumpfunTxn (/home/tuouser/bots/bot-crypto/src/pumpfun-lib/pumpfun-detection.ts:46:38)
    at parseTransaction (/home/tuouser/bots/bot-crypto/src/detection/track-swap.ts:412:51)
    at ClientDuplexStreamImpl.<anonymous> (/home/tuouser/bots/bot-crypto/src/detection/track-swap.ts:464:9)
    at ClientDuplexStreamImpl.emit (node:events:517:28)
    at addChunk (node:internal/streams/readable:368:12)
    at readableAddChunk (node:internal/streams/readable:341:9)
    at ClientDuplexStreamImpl.Readable.push (node:internal/streams/readable:278:10)
    at Object.onReceiveMessage (/home/tuouser/bots/bot-crypto/node_modules/@grpc/grpc-js/src/client.ts:696:16)
    at Object.onReceiveMessage (/home/tuouser/bots/bot-crypto/node_modules/@grpc/grpc-js/src/client-interceptors.ts:413:47)
    at /home/tuouser/bots/bot-crypto/node_modules/@grpc/grpc-js/src/resolving-call.ts:271:32
    at processTicksAndRejections (node:internal/process/task_queues:95:5)
2025-10-07T17:51:43: Error parsing transaction: TypeError: Cannot read properties of undefined (reading 'pubkey')
    at transactionOutput (/home/tuouser/bots/bot-crypto/src/pumpfun-lib/transactionOutput.ts:3:91)
    at decodePumpfunTxn (/home/tuouser/bots/bot-crypto/src/pumpfun-lib/pumpfun-detection.ts:46:38)
    at parseTransaction (/home/tuouser/bots/bot-crypto/src/detection/track-swap.ts:412:51)
    at ClientDuplexStreamImpl.<anonymous> (/home/tuouser/bots/bot-crypto/src/detection/track-swap.ts:464:9)
    at ClientDuplexStreamImpl.emit (node:events:517:28)
    at addChunk (node:internal/streams/readable:368:12)
    at readableAddChunk (node:internal/streams/readable:341:9)
    at ClientDuplexStreamImpl.Readable.push (node:internal/streams/readable:278:10)
    at Object.onReceiveMessage (/home/tuouser/bots/bot-crypto/node_modules/@grpc/grpc-js/src/client.ts:696:16)
    at Object.onReceiveMessage (/home/tuouser/bots/bot-crypto/node_modules/@grpc/grpc-js/src/client-interceptors.ts:413:47)
    at /home/tuouser/bots/bot-crypto/node_modules/@grpc/grpc-js/src/resolving-call.ts:271:32
    at processTicksAndRejections (node:internal/process/task_queues:95:5)
2025-10-07T19:04:26: Error parsing transaction: TypeError: Cannot read properties of undefined (reading 'pubkey')
    at transactionOutput (/home/tuouser/bots/bot-crypto/src/pumpfun-lib/transactionOutput.ts:3:91)
    at decodePumpfunTxn (/home/tuouser/bots/bot-crypto/src/pumpfun-lib/pumpfun-detection.ts:46:38)
    at parseTransaction (/home/tuouser/bots/bot-crypto/src/detection/track-swap.ts:412:51)
    at ClientDuplexStreamImpl.<anonymous> (/home/tuouser/bots/bot-crypto/src/detection/track-swap.ts:464:9)
    at ClientDuplexStreamImpl.emit (node:events:517:28)
    at addChunk (node:internal/streams/readable:368:12)
    at readableAddChunk (node:internal/streams/readable:341:9)
    at ClientDuplexStreamImpl.Readable.push (node:internal/streams/readable:278:10)
    at Object.onReceiveMessage (/home/tuouser/bots/bot-crypto/node_modules/@grpc/grpc-js/src/client.ts:696:16)
    at Object.onReceiveMessage (/home/tuouser/bots/bot-crypto/node_modules/@grpc/grpc-js/src/client-interceptors.ts:413:47)
    at /home/tuouser/bots/bot-crypto/node_modules/@grpc/grpc-js/src/resolving-call.ts:271:32
    at processTicksAndRejections (node:internal/process/task_queues:95:5)
2025-10-07T19:05:36: Error parsing transaction: TypeError: Cannot read properties of undefined (reading 'pubkey')
    at transactionOutput (/home/tuouser/bots/bot-crypto/src/pumpfun-lib/transactionOutput.ts:3:91)
    at decodePumpfunTxn (/home/tuouser/bots/bot-crypto/src/pumpfun-lib/pumpfun-detection.ts:46:38)
    at parseTransaction (/home/tuouser/bots/bot-crypto/src/detection/track-swap.ts:412:51)
    at ClientDuplexStreamImpl.<anonymous> (/home/tuouser/bots/bot-crypto/src/detection/track-swap.ts:464:9)
    at ClientDuplexStreamImpl.emit (node:events:517:28)
    at addChunk (node:internal/streams/readable:368:12)
    at readableAddChunk (node:internal/streams/readable:341:9)
    at ClientDuplexStreamImpl.Readable.push (node:internal/streams/readable:278:10)
    at Object.onReceiveMessage (/home/tuouser/bots/bot-crypto/node_modules/@grpc/grpc-js/src/client.ts:696:16)
    at Object.onReceiveMessage (/home/tuouser/bots/bot-crypto/node_modules/@grpc/grpc-js/src/client-interceptors.ts:413:47)
    at /home/tuouser/bots/bot-crypto/node_modules/@grpc/grpc-js/src/resolving-call.ts:271:32
    at processTicksAndRejections (node:internal/process/task_queues:95:5)
2025-10-07T19:15:23: Error parsing transaction: TypeError: Cannot read properties of undefined (reading 'pubkey')
    at transactionOutput (/home/tuouser/bots/bot-crypto/src/pumpfun-lib/transactionOutput.ts:3:91)
    at decodePumpfunTxn (/home/tuouser/bots/bot-crypto/src/pumpfun-lib/pumpfun-detection.ts:46:38)
    at parseTransaction (/home/tuouser/bots/bot-crypto/src/detection/track-swap.ts:412:51)
    at ClientDuplexStreamImpl.<anonymous> (/home/tuouser/bots/bot-crypto/src/detection/track-swap.ts:464:9)
    at ClientDuplexStreamImpl.emit (node:events:517:28)
    at addChunk (node:internal/streams/readable:368:12)
    at readableAddChunk (node:internal/streams/readable:341:9)
    at ClientDuplexStreamImpl.Readable.push (node:internal/streams/readable:278:10)
    at Object.onReceiveMessage (/home/tuouser/bots/bot-crypto/node_modules/@grpc/grpc-js/src/client.ts:696:16)
    at Object.onReceiveMessage (/home/tuouser/bots/bot-crypto/node_modules/@grpc/grpc-js/src/client-interceptors.ts:413:47)
    at /home/tuouser/bots/bot-crypto/node_modules/@grpc/grpc-js/src/resolving-call.ts:271:32
    at processTicksAndRejections (node:internal/process/task_queues:95:5)
2025-10-07T20:37:14: Error parsing transaction: TypeError: Cannot read properties of undefined (reading 'pubkey')
    at transactionOutput (/home/tuouser/bots/bot-crypto/src/pumpfun-lib/transactionOutput.ts:3:91)
    at decodePumpfunTxn (/home/tuouser/bots/bot-crypto/src/pumpfun-lib/pumpfun-detection.ts:46:38)
    at parseTransaction (/home/tuouser/bots/bot-crypto/src/detection/track-swap.ts:412:51)
    at ClientDuplexStreamImpl.<anonymous> (/home/tuouser/bots/bot-crypto/src/detection/track-swap.ts:464:9)
    at ClientDuplexStreamImpl.emit (node:events:517:28)
    at addChunk (node:internal/streams/readable:368:12)
    at readableAddChunk (node:internal/streams/readable:341:9)
    at ClientDuplexStreamImpl.Readable.push (node:internal/streams/readable:278:10)
    at Object.onReceiveMessage (/home/tuouser/bots/bot-crypto/node_modules/@grpc/grpc-js/src/client.ts:696:16)
    at Object.onReceiveMessage (/home/tuouser/bots/bot-crypto/node_modules/@grpc/grpc-js/src/client-interceptors.ts:413:47)
    at /home/tuouser/bots/bot-crypto/node_modules/@grpc/grpc-js/src/resolving-call.ts:271:32
    at processTicksAndRejections (node:internal/process/task_queues:95:5)
2025-10-07T22:03:51: Error parsing transaction: TypeError: Cannot read properties of undefined (reading 'pubkey')
    at transactionOutput (/home/tuouser/bots/bot-crypto/src/pumpfun-lib/transactionOutput.ts:3:91)
    at decodePumpfunTxn (/home/tuouser/bots/bot-crypto/src/pumpfun-lib/pumpfun-detection.ts:46:38)
    at parseTransaction (/home/tuouser/bots/bot-crypto/src/detection/track-swap.ts:412:51)
    at ClientDuplexStreamImpl.<anonymous> (/home/tuouser/bots/bot-crypto/src/detection/track-swap.ts:464:9)
    at ClientDuplexStreamImpl.emit (node:events:517:28)
    at addChunk (node:internal/streams/readable:368:12)
    at readableAddChunk (node:internal/streams/readable:341:9)
    at ClientDuplexStreamImpl.Readable.push (node:internal/streams/readable:278:10)
    at Object.onReceiveMessage (/home/tuouser/bots/bot-crypto/node_modules/@grpc/grpc-js/src/client.ts:696:16)
    at Object.onReceiveMessage (/home/tuouser/bots/bot-crypto/node_modules/@grpc/grpc-js/src/client-interceptors.ts:413:47)
    at /home/tuouser/bots/bot-crypto/node_modules/@grpc/grpc-js/src/resolving-call.ts:271:32
    at processTicksAndRejections (node:internal/process/task_queues:95:5)
2025-10-07T23:24:26: Error parsing transaction: TypeError: Cannot read properties of undefined (reading 'pubkey')
    at transactionOutput (/home/tuouser/bots/bot-crypto/src/pumpfun-lib/transactionOutput.ts:3:91)
    at decodePumpfunTxn (/home/tuouser/bots/bot-crypto/src/pumpfun-lib/pumpfun-detection.ts:46:38)
    at parseTransaction (/home/tuouser/bots/bot-crypto/src/detection/track-swap.ts:412:51)
    at ClientDuplexStreamImpl.<anonymous> (/home/tuouser/bots/bot-crypto/src/detection/track-swap.ts:464:9)
    at ClientDuplexStreamImpl.emit (node:events:517:28)
    at addChunk (node:internal/streams/readable:368:12)
    at readableAddChunk (node:internal/streams/readable:341:9)
    at ClientDuplexStreamImpl.Readable.push (node:internal/streams/readable:278:10)
    at Object.onReceiveMessage (/home/tuouser/bots/bot-crypto/node_modules/@grpc/grpc-js/src/client.ts:696:16)
    at Object.onReceiveMessage (/home/tuouser/bots/bot-crypto/node_modules/@grpc/grpc-js/src/client-interceptors.ts:413:47)
    at /home/tuouser/bots/bot-crypto/node_modules/@grpc/grpc-js/src/resolving-call.ts:271:32
    at processTicksAndRejections (node:internal/process/task_queues:95:5)
2025-10-08T01:20:17: Error parsing transaction: TypeError: Cannot read properties of undefined (reading 'pubkey')
    at transactionOutput (/home/tuouser/bots/bot-crypto/src/pumpfun-lib/transactionOutput.ts:3:91)
    at decodePumpfunTxn (/home/tuouser/bots/bot-crypto/src/pumpfun-lib/pumpfun-detection.ts:46:38)
    at parseTransaction (/home/tuouser/bots/bot-crypto/src/detection/track-swap.ts:412:51)
    at ClientDuplexStreamImpl.<anonymous> (/home/tuouser/bots/bot-crypto/src/detection/track-swap.ts:464:9)
    at ClientDuplexStreamImpl.emit (node:events:517:28)
    at addChunk (node:internal/streams/readable:368:12)
    at readableAddChunk (node:internal/streams/readable:341:9)
    at ClientDuplexStreamImpl.Readable.push (node:internal/streams/readable:278:10)
    at Object.onReceiveMessage (/home/tuouser/bots/bot-crypto/node_modules/@grpc/grpc-js/src/client.ts:696:16)
    at Object.onReceiveMessage (/home/tuouser/bots/bot-crypto/node_modules/@grpc/grpc-js/src/client-interceptors.ts:413:47)
    at /home/tuouser/bots/bot-crypto/node_modules/@grpc/grpc-js/src/resolving-call.ts:271:32
    at processTicksAndRejections (node:internal/process/task_queues:95:5)
2025-10-08T02:22:26: Error parsing transaction: TypeError: Cannot read properties of undefined (reading 'pubkey')
    at transactionOutput (/home/tuouser/bots/bot-crypto/src/pumpfun-lib/transactionOutput.ts:3:91)
    at decodePumpfunTxn (/home/tuouser/bots/bot-crypto/src/pumpfun-lib/pumpfun-detection.ts:46:38)
    at parseTransaction (/home/tuouser/bots/bot-crypto/src/detection/track-swap.ts:412:51)
    at ClientDuplexStreamImpl.<anonymous> (/home/tuouser/bots/bot-crypto/src/detection/track-swap.ts:464:9)
    at ClientDuplexStreamImpl.emit (node:events:517:28)
    at addChunk (node:internal/streams/readable:368:12)
    at readableAddChunk (node:internal/streams/readable:341:9)
    at ClientDuplexStreamImpl.Readable.push (node:internal/streams/readable:278:10)
    at Object.onReceiveMessage (/home/tuouser/bots/bot-crypto/node_modules/@grpc/grpc-js/src/client.ts:696:16)
    at Object.onReceiveMessage (/home/tuouser/bots/bot-crypto/node_modules/@grpc/grpc-js/src/client-interceptors.ts:413:47)
    at /home/tuouser/bots/bot-crypto/node_modules/@grpc/grpc-js/src/resolving-call.ts:271:32
    at processTicksAndRejections (node:internal/process/task_queues:95:5)
2025-10-08T02:59:40: Error parsing transaction: TypeError: Cannot read properties of undefined (reading 'pubkey')
    at transactionOutput (/home/tuouser/bots/bot-crypto/src/pumpfun-lib/transactionOutput.ts:3:91)
    at decodePumpfunTxn (/home/tuouser/bots/bot-crypto/src/pumpfun-lib/pumpfun-detection.ts:46:38)
    at parseTransaction (/home/tuouser/bots/bot-crypto/src/detection/track-swap.ts:412:51)
    at ClientDuplexStreamImpl.<anonymous> (/home/tuouser/bots/bot-crypto/src/detection/track-swap.ts:464:9)
    at ClientDuplexStreamImpl.emit (node:events:517:28)
    at addChunk (node:internal/streams/readable:368:12)
    at readableAddChunk (node:internal/streams/readable:341:9)
    at ClientDuplexStreamImpl.Readable.push (node:internal/streams/readable:278:10)
    at Object.onReceiveMessage (/home/tuouser/bots/bot-crypto/node_modules/@grpc/grpc-js/src/client.ts:696:16)
    at Object.onReceiveMessage (/home/tuouser/bots/bot-crypto/node_modules/@grpc/grpc-js/src/client-interceptors.ts:413:47)
    at /home/tuouser/bots/bot-crypto/node_modules/@grpc/grpc-js/src/resolving-call.ts:271:32
    at processTicksAndRejections (node:internal/process/task_queues:95:5)
2025-10-08T11:58:28: Error parsing transaction: TypeError: Cannot read properties of undefined (reading 'pubkey')
    at transactionOutput (/home/tuouser/bots/bot-crypto/src/pumpfun-lib/transactionOutput.ts:3:91)
    at decodePumpfunTxn (/home/tuouser/bots/bot-crypto/src/pumpfun-lib/pumpfun-detection.ts:46:38)
    at parseTransaction (/home/tuouser/bots/bot-crypto/src/detection/track-swap.ts:412:51)
    at ClientDuplexStreamImpl.<anonymous> (/home/tuouser/bots/bot-crypto/src/detection/track-swap.ts:464:9)
    at ClientDuplexStreamImpl.emit (node:events:517:28)
    at addChunk (node:internal/streams/readable:368:12)
    at readableAddChunk (node:internal/streams/readable:341:9)
    at ClientDuplexStreamImpl.Readable.push (node:internal/streams/readable:278:10)
    at Object.onReceiveMessage (/home/tuouser/bots/bot-crypto/node_modules/@grpc/grpc-js/src/client.ts:696:16)
    at Object.onReceiveMessage (/home/tuouser/bots/bot-crypto/node_modules/@grpc/grpc-js/src/client-interceptors.ts:413:47)
    at /home/tuouser/bots/bot-crypto/node_modules/@grpc/grpc-js/src/resolving-call.ts:271:32
    at processTicksAndRejections (node:internal/process/task_queues:95:5)
2025-10-08T20:39:03: Error parsing transaction: TypeError: Cannot read properties of undefined (reading 'pubkey')
    at transactionOutput (/home/tuouser/bots/bot-crypto/src/pumpfun-lib/transactionOutput.ts:3:91)
    at decodePumpfunTxn (/home/tuouser/bots/bot-crypto/src/pumpfun-lib/pumpfun-detection.ts:46:38)
    at parseTransaction (/home/tuouser/bots/bot-crypto/src/detection/track-swap.ts:412:51)
    at ClientDuplexStreamImpl.<anonymous> (/home/tuouser/bots/bot-crypto/src/detection/track-swap.ts:464:9)
    at ClientDuplexStreamImpl.emit (node:events:517:28)
    at addChunk (node:internal/streams/readable:368:12)
    at readableAddChunk (node:internal/streams/readable:341:9)
    at ClientDuplexStreamImpl.Readable.push (node:internal/streams/readable:278:10)
    at Object.onReceiveMessage (/home/tuouser/bots/bot-crypto/node_modules/@grpc/grpc-js/src/client.ts:696:16)
    at Object.onReceiveMessage (/home/tuouser/bots/bot-crypto/node_modules/@grpc/grpc-js/src/client-interceptors.ts:413:47)
    at /home/tuouser/bots/bot-crypto/node_modules/@grpc/grpc-js/src/resolving-call.ts:271:32
    at processTicksAndRejections (node:internal/process/task_queues:95:5)
2025-10-09T01:41:18: Error parsing transaction: TypeError: Cannot read properties of undefined (reading 'pubkey')
    at transactionOutput (/home/tuouser/bots/bot-crypto/src/pumpfun-lib/transactionOutput.ts:3:91)
    at decodePumpfunTxn (/home/tuouser/bots/bot-crypto/src/pumpfun-lib/pumpfun-detection.ts:46:38)
    at parseTransaction (/home/tuouser/bots/bot-crypto/src/detection/track-swap.ts:412:51)
    at ClientDuplexStreamImpl.<anonymous> (/home/tuouser/bots/bot-crypto/src/detection/track-swap.ts:464:9)
    at ClientDuplexStreamImpl.emit (node:events:517:28)
    at addChunk (node:internal/streams/readable:368:12)
    at readableAddChunk (node:internal/streams/readable:341:9)
    at ClientDuplexStreamImpl.Readable.push (node:internal/streams/readable:278:10)
    at Object.onReceiveMessage (/home/tuouser/bots/bot-crypto/node_modules/@grpc/grpc-js/src/client.ts:696:16)
    at Object.onReceiveMessage (/home/tuouser/bots/bot-crypto/node_modules/@grpc/grpc-js/src/client-interceptors.ts:413:47)
    at /home/tuouser/bots/bot-crypto/node_modules/@grpc/grpc-js/src/resolving-call.ts:271:32
    at processTicksAndRejections (node:internal/process/task_queues:95:5)
2025-10-09T02:44:55: Error parsing transaction: TypeError: Cannot read properties of undefined (reading 'pubkey')
    at transactionOutput (/home/tuouser/bots/bot-crypto/src/pumpfun-lib/transactionOutput.ts:3:91)
    at decodePumpfunTxn (/home/tuouser/bots/bot-crypto/src/pumpfun-lib/pumpfun-detection.ts:46:38)
    at parseTransaction (/home/tuouser/bots/bot-crypto/src/detection/track-swap.ts:412:51)
    at ClientDuplexStreamImpl.<anonymous> (/home/tuouser/bots/bot-crypto/src/detection/track-swap.ts:464:9)
    at ClientDuplexStreamImpl.emit (node:events:517:28)
    at addChunk (node:internal/streams/readable:368:12)
    at readableAddChunk (node:internal/streams/readable:341:9)
    at ClientDuplexStreamImpl.Readable.push (node:internal/streams/readable:278:10)
    at Object.onReceiveMessage (/home/tuouser/bots/bot-crypto/node_modules/@grpc/grpc-js/src/client.ts:696:16)
    at Object.onReceiveMessage (/home/tuouser/bots/bot-crypto/node_modules/@grpc/grpc-js/src/client-interceptors.ts:413:47)
    at /home/tuouser/bots/bot-crypto/node_modules/@grpc/grpc-js/src/resolving-call.ts:271:32
    at processTicksAndRejections (node:internal/process/task_queues:95:5)
